\BOOKMARK [0][-]{chapter.1}{Introduction}{}
\BOOKMARK [1][-]{section.1.1}{Motivation}{chapter.1}
\BOOKMARK [1][-]{section.1.2}{Contributions}{chapter.1}
\BOOKMARK [0][-]{chapter.2}{Background}{}
\BOOKMARK [1][-]{section.2.1}{Deformable Models}{chapter.2}
\BOOKMARK [2][-]{subsection.2.1.1}{Physics Based Models}{section.2.1}
\BOOKMARK [2][-]{subsection.2.1.2}{Statistical Models}{section.2.1}
\BOOKMARK [2][-]{subsection.2.1.3}{Morphable Model}{section.2.1}
\BOOKMARK [2][-]{subsection.2.1.4}{Statistical Models of Appearance}{section.2.1}
\BOOKMARK [2][-]{subsection.2.1.5}{Tensor Models >>>>> NEW <<<<<<<}{section.2.1}
\BOOKMARK [1][-]{section.2.2}{3D Pose Estimation}{chapter.2}
\BOOKMARK [2][-]{subsection.2.2.1}{Camera Model}{section.2.2}
\BOOKMARK [2][-]{subsection.2.2.2}{Rotation and Translation}{section.2.2}
\BOOKMARK [2][-]{subsection.2.2.3}{Pose estimation with the POSIT algorithm}{section.2.2}
\BOOKMARK [1][-]{section.2.3}{Model-based tracking}{chapter.2}
\BOOKMARK [2][-]{subsection.2.3.1}{Kanade-Lucas-Tomasi Feature Tracker}{section.2.3}
\BOOKMARK [1][-]{section.2.4}{Optimization}{chapter.2}
\BOOKMARK [2][-]{subsection.2.4.1}{Nelder Mead Downhill Simplex}{section.2.4}
\BOOKMARK [0][-]{chapter.3}{Design and Implementation >>>>> NEW <<<<<}{}
\BOOKMARK [1][-]{section.3.1}{Design Challenges}{chapter.3}
\BOOKMARK [1][-]{section.3.2}{Pre-processing}{chapter.3}
\BOOKMARK [2][-]{subsection.3.2.1}{Correspondence}{section.3.2}
\BOOKMARK [2][-]{subsection.3.2.2}{Database}{section.3.2}
\BOOKMARK [1][-]{section.3.3}{Model Construction}{chapter.3}
\BOOKMARK [2][-]{subsection.3.3.1}{Data Tensor}{section.3.3}
\BOOKMARK [2][-]{subsection.3.3.2}{Computing the HOSVD}{section.3.3}
\BOOKMARK [0][-]{chapter.4}{Results and Evaluation}{}
\BOOKMARK [0][-]{chapter.5}{Conclusion}{}
